Build started 11/9/2013 9:12:06 AM.
     1>Project "C:\Users\phamduong\Documents\Visual Studio 2012\Projects\MyMarioGame\MyMarioGame\MyMarioGame.vcxproj" on node 2 (Build target(s)).
     1>ClCompile:
         C:\Program Files (x86)\Microsoft Visual Studio 11.0\VC\bin\CL.exe /c /ZI /nologo /W3 /WX- /Od /Oy- /D WIN32 /D _DEBUG /D _WINDOWS /D _MBCS /Gm /EHsc /RTC1 /MDd /GS /fp:precise /Zc:wchar_t /Zc:forScope /Fo"Debug\\" /Fd"Debug\vc110.pdb" /Gd /TP /analyze- /errorReport:prompt DxInput.cpp
         DxInput.cpp
         c:\program files (x86)\microsoft directx sdk (june 2010)\include\dinput.h: DIRECTINPUT_VERSION undefined. Defaulting to version 0x0800
     1>c:\users\phamduong\documents\visual studio 2012\projects\mymariogame\mymariogame\dxinput.cpp(78): warning C4554: '&' : check operator precedence for possible error; use parentheses to clarify precedence
       Link:
         C:\Program Files (x86)\Microsoft Visual Studio 11.0\VC\bin\link.exe /ERRORREPORT:PROMPT /OUT:"C:\Users\phamduong\Documents\Visual Studio 2012\Projects\MyMarioGame\Debug\MyMarioGame.exe" /INCREMENTAL /NOLOGO d3d9.lib d3dx9.lib dinput8.lib dxguid.lib dxerr.lib winmm.lib kernel32.lib user32.lib gdi32.lib winspool.lib comdlg32.lib advapi32.lib shell32.lib ole32.lib oleaut32.lib uuid.lib odbc32.lib odbccp32.lib /MANIFEST /MANIFESTUAC:"level='asInvoker' uiAccess='false'" /manifest:embed /DEBUG /PDB:"C:\Users\phamduong\Documents\Visual Studio 2012\Projects\MyMarioGame\Debug\MyMarioGame.pdb" /SUBSYSTEM:WINDOWS /TLBID:1 /DYNAMICBASE /NXCOMPAT /IMPLIB:"C:\Users\phamduong\Documents\Visual Studio 2012\Projects\MyMarioGame\Debug\MyMarioGame.lib" /MACHINE:X86 Debug\Camera.obj
         Debug\DxGraphics.obj
         Debug\DxInput.obj
         Debug\Game.obj
         Debug\GameObject.obj
         Debug\Mario.obj
         Debug\Resource.obj
         Debug\Sprite.obj
         Debug\Texture.obj
         Debug\Timer.obj
         Debug\WinMain.obj
         MyMarioGame.vcxproj -> C:\Users\phamduong\Documents\Visual Studio 2012\Projects\MyMarioGame\Debug\MyMarioGame.exe
     1>Done Building Project "C:\Users\phamduong\Documents\Visual Studio 2012\Projects\MyMarioGame\MyMarioGame\MyMarioGame.vcxproj" (Build target(s)).

Build succeeded.

Time Elapsed 00:00:15.81
