C:\USERS\PHAMDUONG\DOCUMENTS\VISUAL STUDIO 2012\PROJECTS\MYMARIOGAME\MYMARIOGAME\DEBUG\CAMERA.OBJ
C:\USERS\PHAMDUONG\DOCUMENTS\VISUAL STUDIO 2012\PROJECTS\MYMARIOGAME\MYMARIOGAME\DEBUG\DXGRAPHICS.OBJ
C:\USERS\PHAMDUONG\DOCUMENTS\VISUAL STUDIO 2012\PROJECTS\MYMARIOGAME\MYMARIOGAME\DEBUG\DXINPUT.OBJ
C:\USERS\PHAMDUONG\DOCUMENTS\VISUAL STUDIO 2012\PROJECTS\MYMARIOGAME\MYMARIOGAME\DEBUG\GAME.OBJ
C:\USERS\PHAMDUONG\DOCUMENTS\VISUAL STUDIO 2012\PROJECTS\MYMARIOGAME\MYMARIOGAME\DEBUG\GAMEOBJECT.OBJ
C:\USERS\PHAMDUONG\DOCUMENTS\VISUAL STUDIO 2012\PROJECTS\MYMARIOGAME\MYMARIOGAME\DEBUG\MARIO.OBJ
C:\USERS\PHAMDUONG\DOCUMENTS\VISUAL STUDIO 2012\PROJECTS\MYMARIOGAME\MYMARIOGAME\DEBUG\RESOURCE.OBJ
C:\USERS\PHAMDUONG\DOCUMENTS\VISUAL STUDIO 2012\PROJECTS\MYMARIOGAME\MYMARIOGAME\DEBUG\SPRITE.OBJ
C:\USERS\PHAMDUONG\DOCUMENTS\VISUAL STUDIO 2012\PROJECTS\MYMARIOGAME\MYMARIOGAME\DEBUG\TEXTURE.OBJ
C:\USERS\PHAMDUONG\DOCUMENTS\VISUAL STUDIO 2012\PROJECTS\MYMARIOGAME\MYMARIOGAME\DEBUG\TIMER.OBJ
C:\USERS\PHAMDUONG\DOCUMENTS\VISUAL STUDIO 2012\PROJECTS\MYMARIOGAME\MYMARIOGAME\DEBUG\WINMAIN.OBJ
C:\USERS\PHAMDUONG\DOCUMENTS\VISUAL STUDIO 2012\PROJECTS\MYMARIOGAME\MYMARIOGAME\DEBUG\VC110.PDB
C:\USERS\PHAMDUONG\DOCUMENTS\VISUAL STUDIO 2012\PROJECTS\MYMARIOGAME\DEBUG\MYMARIOGAME.ILK
C:\USERS\PHAMDUONG\DOCUMENTS\VISUAL STUDIO 2012\PROJECTS\MYMARIOGAME\DEBUG\MYMARIOGAME.EXE
C:\USERS\PHAMDUONG\DOCUMENTS\VISUAL STUDIO 2012\PROJECTS\MYMARIOGAME\DEBUG\MYMARIOGAME.PDB
C:\Users\phamduong\Documents\Visual Studio 2012\Projects\MyMarioGame\MyMarioGame\Debug\Camera.obj
C:\Users\phamduong\Documents\Visual Studio 2012\Projects\MyMarioGame\MyMarioGame\Debug\DxGraphics.obj
C:\Users\phamduong\Documents\Visual Studio 2012\Projects\MyMarioGame\MyMarioGame\Debug\DxInput.obj
C:\Users\phamduong\Documents\Visual Studio 2012\Projects\MyMarioGame\MyMarioGame\Debug\Game.obj
C:\Users\phamduong\Documents\Visual Studio 2012\Projects\MyMarioGame\MyMarioGame\Debug\GameObject.obj
C:\Users\phamduong\Documents\Visual Studio 2012\Projects\MyMarioGame\MyMarioGame\Debug\Mario.obj
C:\Users\phamduong\Documents\Visual Studio 2012\Projects\MyMarioGame\MyMarioGame\Debug\Resource.obj
C:\Users\phamduong\Documents\Visual Studio 2012\Projects\MyMarioGame\MyMarioGame\Debug\Sprite.obj
C:\Users\phamduong\Documents\Visual Studio 2012\Projects\MyMarioGame\MyMarioGame\Debug\Texture.obj
C:\Users\phamduong\Documents\Visual Studio 2012\Projects\MyMarioGame\MyMarioGame\Debug\Timer.obj
C:\Users\phamduong\Documents\Visual Studio 2012\Projects\MyMarioGame\MyMarioGame\Debug\WinMain.obj
C:\Users\phamduong\Documents\Visual Studio 2012\Projects\MyMarioGame\MyMarioGame\Debug\cl.command.1.tlog
C:\Users\phamduong\Documents\Visual Studio 2012\Projects\MyMarioGame\MyMarioGame\Debug\CL.read.1.tlog
C:\Users\phamduong\Documents\Visual Studio 2012\Projects\MyMarioGame\MyMarioGame\Debug\CL.write.1.tlog
C:\Users\phamduong\Documents\Visual Studio 2012\Projects\MyMarioGame\MyMarioGame\Debug\link-cvtres.read.1.tlog
C:\Users\phamduong\Documents\Visual Studio 2012\Projects\MyMarioGame\MyMarioGame\Debug\link-cvtres.write.1.tlog
C:\Users\phamduong\Documents\Visual Studio 2012\Projects\MyMarioGame\MyMarioGame\Debug\link-rc.read.1.tlog
C:\Users\phamduong\Documents\Visual Studio 2012\Projects\MyMarioGame\MyMarioGame\Debug\link-rc.write.1.tlog
C:\Users\phamduong\Documents\Visual Studio 2012\Projects\MyMarioGame\MyMarioGame\Debug\link.command.1.tlog
C:\Users\phamduong\Documents\Visual Studio 2012\Projects\MyMarioGame\MyMarioGame\Debug\link.read.1.tlog
C:\Users\phamduong\Documents\Visual Studio 2012\Projects\MyMarioGame\MyMarioGame\Debug\link.write.1.tlog
C:\Users\phamduong\Documents\Visual Studio 2012\Projects\MyMarioGame\MyMarioGame\Debug\vc110.idb
C:\Users\phamduong\Documents\Visual Studio 2012\Projects\MyMarioGame\MyMarioGame\Debug\vc110.pdb
C:\Users\phamduong\Documents\Visual Studio 2012\Projects\MyMarioGame\Debug\MyMarioGame.pdb
C:\Users\phamduong\Documents\Visual Studio 2012\Projects\MyMarioGame\Debug\MyMarioGame.exe
C:\Users\phamduong\Documents\Visual Studio 2012\Projects\MyMarioGame\Debug\MyMarioGame.ilk
